<?xml version="1.0" encoding="UTF-8"?>
<trace:TraceModel
    xmi:version="2.0"
    xmlns:xmi="http://www.omg.org/XMI"
    xmlns:trace="http://www.eclipse.org/gmf/2006/Trace">
  <nodeTraces
      visualID="2005"
      queryText="(let _eClass_:ecore::EClass = modelFacet.metaClass.ecoreClass in _eClass_.ePackage.nsURI = 'http://melanee.org/PLM' and _eClass_.name = 'DeepModel') and (let _containmentMF_:ecore::EStructuralFeature = modelFacet.containmentMetaFeature.ecoreFeature in (let _eClass_:ecore::EClass = _containmentMF_.eContainingClass in _eClass_.ePackage.nsURI = 'http://melanee.org/PLM' and _eClass_.name = 'Domain') and _containmentMF_.name = 'deepModel')">
    <nodeLabelTraces
        visualID="5331"
        queryText="true"/>
    <nodeLabelTraces
        visualID="5332"
        queryText="true"/>
    <nodeLabelTraces
        visualID="5353"
        queryText="true"/>
    <compartmentTraces
        visualID="7061"
        queryText="true"/>
    <compartmentTraces
        visualID="7062"
        queryText="true"/>
  </nodeTraces>
  <childNodeTraces
      visualID="3097"
      queryText="(let _eClass_:ecore::EClass = modelFacet.metaClass.ecoreClass in _eClass_.ePackage.nsURI = 'http://melanee.org/PLM' and _eClass_.name = 'Level') and (let _containmentMF_:ecore::EStructuralFeature = modelFacet.containmentMetaFeature.ecoreFeature in (let _eClass_:ecore::EClass = _containmentMF_.eContainingClass in _eClass_.ePackage.nsURI = 'http://melanee.org/PLM' and _eClass_.name = 'DeepModel') and _containmentMF_.name = 'content')">
    <nodeLabelTraces
        visualID="5320"
        queryText="true"/>
    <nodeLabelTraces
        visualID="5321"
        queryText="true"/>
    <compartmentTraces
        visualID="7046"
        queryText="true"/>
  </childNodeTraces>
  <childNodeTraces
      visualID="3099"
      queryText="(let _eClass_:ecore::EClass = modelFacet.metaClass.ecoreClass in _eClass_.ePackage.nsURI = 'http://melanee.org/PLM' and _eClass_.name = 'Connection') and (let _containmentMF_:ecore::EStructuralFeature = modelFacet.containmentMetaFeature.ecoreFeature in (let _eClass_:ecore::EClass = _containmentMF_.eContainingClass in _eClass_.ePackage.nsURI = 'http://melanee.org/PLM' and _eClass_.name = 'Level') and _containmentMF_.name = 'content')">
    <nodeLabelTraces
        visualID="5294"
        queryText="true"/>
    <nodeLabelTraces
        visualID="5295"
        queryText="true"/>
    <nodeLabelTraces
        visualID="5296"
        queryText="true"/>
    <nodeLabelTraces
        visualID="5297"
        queryText="true"/>
    <nodeLabelTraces
        visualID="5298"
        queryText="true"/>
    <nodeLabelTraces
        visualID="5299"
        queryText="true"/>
    <compartmentTraces
        visualID="7047"
        queryText="true"/>
    <compartmentTraces
        visualID="7048"
        queryText="true"/>
    <compartmentTraces
        visualID="7049"
        queryText="true"/>
  </childNodeTraces>
  <childNodeTraces
      visualID="3100"
      queryText="(let _eClass_:ecore::EClass = modelFacet.metaClass.ecoreClass in _eClass_.ePackage.nsURI = 'http://melanee.org/PLM' and _eClass_.name = 'Attribute') and (let _containmentMF_:ecore::EStructuralFeature = modelFacet.containmentMetaFeature.ecoreFeature in (let _eClass_:ecore::EClass = _containmentMF_.eContainingClass in _eClass_.ePackage.nsURI = 'http://melanee.org/PLM' and _eClass_.name = 'Clabject') and _containmentMF_.name = 'feature')">
    <nodeLabelTraces
        visualID="5254"
        queryText="true"/>
    <nodeLabelTraces
        visualID="5255"
        queryText="true"/>
    <nodeLabelTraces
        visualID="5256"
        queryText="true"/>
    <nodeLabelTraces
        visualID="5257"
        queryText="true"/>
    <nodeLabelTraces
        visualID="5258"
        queryText="true"/>
  </childNodeTraces>
  <childNodeTraces
      visualID="3102"
      queryText="(let _eClass_:ecore::EClass = modelFacet.metaClass.ecoreClass in _eClass_.ePackage.nsURI = 'http://melanee.org/PLM' and _eClass_.name = 'Method') and (let _containmentMF_:ecore::EStructuralFeature = modelFacet.containmentMetaFeature.ecoreFeature in (let _eClass_:ecore::EClass = _containmentMF_.eContainingClass in _eClass_.ePackage.nsURI = 'http://melanee.org/PLM' and _eClass_.name = 'Clabject') and _containmentMF_.name = 'feature')">
    <nodeLabelTraces
        visualID="5261"
        queryText="true"/>
    <nodeLabelTraces
        visualID="5262"
        queryText="true"/>
    <nodeLabelTraces
        visualID="5263"
        queryText="true"/>
    <nodeLabelTraces
        visualID="5264"
        queryText="true"/>
  </childNodeTraces>
  <childNodeTraces
      visualID="3105"
      queryText="(let _eClass_:ecore::EClass = modelFacet.metaClass.ecoreClass in _eClass_.ePackage.nsURI = 'http://melanee.org/PLM' and _eClass_.name = 'Entity') and (let _containmentMF_:ecore::EStructuralFeature = modelFacet.containmentMetaFeature.ecoreFeature in (let _eClass_:ecore::EClass = _containmentMF_.eContainingClass in _eClass_.ePackage.nsURI = 'http://melanee.org/PLM' and _eClass_.name = 'Clabject') and _containmentMF_.name = 'content')">
    <nodeLabelTraces
        visualID="5288"
        queryText="true"/>
    <nodeLabelTraces
        visualID="5289"
        queryText="true"/>
    <nodeLabelTraces
        visualID="5290"
        queryText="true"/>
    <nodeLabelTraces
        visualID="5291"
        queryText="true"/>
    <nodeLabelTraces
        visualID="5292"
        queryText="true"/>
    <nodeLabelTraces
        visualID="5293"
        queryText="true"/>
    <compartmentTraces
        visualID="7051"
        queryText="true"/>
    <compartmentTraces
        visualID="7052"
        queryText="true"/>
    <compartmentTraces
        visualID="7053"
        queryText="true"/>
  </childNodeTraces>
  <childNodeTraces
      visualID="3106"
      queryText="(let _eClass_:ecore::EClass = modelFacet.metaClass.ecoreClass in _eClass_.ePackage.nsURI = 'http://melanee.org/PLM' and _eClass_.name = 'Attribute') and (let _containmentMF_:ecore::EStructuralFeature = modelFacet.containmentMetaFeature.ecoreFeature in (let _eClass_:ecore::EClass = _containmentMF_.eContainingClass in _eClass_.ePackage.nsURI = 'http://melanee.org/PLM' and _eClass_.name = 'Clabject') and _containmentMF_.name = 'feature')">
    <nodeLabelTraces
        visualID="5269"
        queryText="true"/>
    <nodeLabelTraces
        visualID="5270"
        queryText="true"/>
    <nodeLabelTraces
        visualID="5271"
        queryText="true"/>
    <nodeLabelTraces
        visualID="5272"
        queryText="true"/>
    <nodeLabelTraces
        visualID="5273"
        queryText="true"/>
  </childNodeTraces>
  <childNodeTraces
      visualID="3108"
      queryText="(let _eClass_:ecore::EClass = modelFacet.metaClass.ecoreClass in _eClass_.ePackage.nsURI = 'http://melanee.org/PLM' and _eClass_.name = 'Method') and (let _containmentMF_:ecore::EStructuralFeature = modelFacet.containmentMetaFeature.ecoreFeature in (let _eClass_:ecore::EClass = _containmentMF_.eContainingClass in _eClass_.ePackage.nsURI = 'http://melanee.org/PLM' and _eClass_.name = 'Clabject') and _containmentMF_.name = 'feature')">
    <nodeLabelTraces
        visualID="5276"
        queryText="true"/>
    <nodeLabelTraces
        visualID="5277"
        queryText="true"/>
    <nodeLabelTraces
        visualID="5278"
        queryText="true"/>
    <nodeLabelTraces
        visualID="5279"
        queryText="true"/>
  </childNodeTraces>
  <childNodeTraces
      visualID="3111"
      queryText="(let _eClass_:ecore::EClass = modelFacet.metaClass.ecoreClass in _eClass_.ePackage.nsURI = 'http://melanee.org/PLM' and _eClass_.name = 'Connection') and (let _containmentMF_:ecore::EStructuralFeature = modelFacet.containmentMetaFeature.ecoreFeature in (let _eClass_:ecore::EClass = _containmentMF_.eContainingClass in _eClass_.ePackage.nsURI = 'http://melanee.org/PLM' and _eClass_.name = 'Clabject') and _containmentMF_.name = 'content')">
    <nodeLabelTraces
        visualID="5282"
        queryText="true"/>
    <nodeLabelTraces
        visualID="5283"
        queryText="true"/>
    <nodeLabelTraces
        visualID="5284"
        queryText="true"/>
    <nodeLabelTraces
        visualID="5285"
        queryText="true"/>
    <nodeLabelTraces
        visualID="5286"
        queryText="true"/>
    <nodeLabelTraces
        visualID="5287"
        queryText="true"/>
    <compartmentTraces
        visualID="7054"
        queryText="true"/>
    <compartmentTraces
        visualID="7055"
        queryText="true"/>
    <compartmentTraces
        visualID="7056"
        queryText="true"/>
  </childNodeTraces>
  <childNodeTraces
      visualID="3120"
      queryText="(let _eClass_:ecore::EClass = modelFacet.metaClass.ecoreClass in _eClass_.ePackage.nsURI = 'http://melanee.org/PLM' and _eClass_.name = 'Entity') and (let _containmentMF_:ecore::EStructuralFeature = modelFacet.containmentMetaFeature.ecoreFeature in (let _eClass_:ecore::EClass = _containmentMF_.eContainingClass in _eClass_.ePackage.nsURI = 'http://melanee.org/PLM' and _eClass_.name = 'Level') and _containmentMF_.name = 'content')">
    <nodeLabelTraces
        visualID="5314"
        queryText="true"/>
    <nodeLabelTraces
        visualID="5315"
        queryText="true"/>
    <nodeLabelTraces
        visualID="5316"
        queryText="true"/>
    <nodeLabelTraces
        visualID="5317"
        queryText="true"/>
    <nodeLabelTraces
        visualID="5318"
        queryText="true"/>
    <nodeLabelTraces
        visualID="5319"
        queryText="true"/>
    <compartmentTraces
        visualID="7058"
        queryText="true"/>
    <compartmentTraces
        visualID="7059"
        queryText="true"/>
    <compartmentTraces
        visualID="7060"
        queryText="true"/>
  </childNodeTraces>
  <childNodeTraces
      visualID="3122"
      queryText="(let _eClass_:ecore::EClass = modelFacet.metaClass.ecoreClass in _eClass_.ePackage.nsURI = 'http://melanee.org/PLM' and _eClass_.name = 'Inheritance') and (let _containmentMF_:ecore::EStructuralFeature = modelFacet.containmentMetaFeature.ecoreFeature in (let _eClass_:ecore::EClass = _containmentMF_.eContainingClass in _eClass_.ePackage.nsURI = 'http://melanee.org/PLM' and _eClass_.name = 'Level') and _containmentMF_.name = 'content')">
    <nodeLabelTraces
        visualID="5326"
        queryText="true"/>
    <nodeLabelTraces
        visualID="5327"
        queryText="true"/>
    <nodeLabelTraces
        visualID="5328"
        queryText="true"/>
  </childNodeTraces>
  <childNodeTraces
      visualID="3123"
      queryText="(let _eClass_:ecore::EClass = modelFacet.metaClass.ecoreClass in _eClass_.ePackage.nsURI = 'http://melanee.org/PLM' and _eClass_.name = 'Enumeration') and (let _containmentMF_:ecore::EStructuralFeature = modelFacet.containmentMetaFeature.ecoreFeature in (let _eClass_:ecore::EClass = _containmentMF_.eContainingClass in _eClass_.ePackage.nsURI = 'http://melanee.org/PLM' and _eClass_.name = 'DeepModel') and _containmentMF_.name = 'enumeration')">
    <nodeLabelTraces
        visualID="5329"
        queryText="true"/>
    <nodeLabelTraces
        visualID="5330"
        queryText="true"/>
  </childNodeTraces>
  <childNodeTraces
      visualID="3124"
      queryText="(let _eClass_:ecore::EClass = modelFacet.metaClass.ecoreClass in _eClass_.ePackage.nsURI = 'http://melanee.org/PLM' and _eClass_.name = 'Inheritance') and (let _containmentMF_:ecore::EStructuralFeature = modelFacet.containmentMetaFeature.ecoreFeature in (let _eClass_:ecore::EClass = _containmentMF_.eContainingClass in _eClass_.ePackage.nsURI = 'http://melanee.org/PLM' and _eClass_.name = 'Clabject') and _containmentMF_.name = 'content')">
    <nodeLabelTraces
        visualID="5333"
        queryText="true"/>
    <nodeLabelTraces
        visualID="5334"
        queryText="true"/>
    <nodeLabelTraces
        visualID="5335"
        queryText="true"/>
  </childNodeTraces>
  <childNodeTraces
      visualID="3125"
      queryText="(let _eClass_:ecore::EClass = modelFacet.metaClass.ecoreClass in _eClass_.ePackage.nsURI = 'http://melanee.org/PLM' and _eClass_.name = 'Package') and (let _containmentMF_:ecore::EStructuralFeature = modelFacet.containmentMetaFeature.ecoreFeature in (let _eClass_:ecore::EClass = _containmentMF_.eContainingClass in _eClass_.ePackage.nsURI = 'http://melanee.org/PLM' and _eClass_.name = 'Level') and _containmentMF_.name = 'content')">
    <nodeLabelTraces
        visualID="5336"
        queryText="true"/>
    <compartmentTraces
        visualID="7063"
        queryText="true"/>
  </childNodeTraces>
  <childNodeTraces
      visualID="3126"
      queryText="(let _eClass_:ecore::EClass = modelFacet.metaClass.ecoreClass in _eClass_.ePackage.nsURI = 'http://melanee.org/PLM' and _eClass_.name = 'Entity') and (let _containmentMF_:ecore::EStructuralFeature = modelFacet.containmentMetaFeature.ecoreFeature in (let _eClass_:ecore::EClass = _containmentMF_.eContainingClass in _eClass_.ePackage.nsURI = 'http://melanee.org/PLM' and _eClass_.name = 'Package') and _containmentMF_.name = 'content')">
    <nodeLabelTraces
        visualID="5337"
        queryText="true"/>
    <nodeLabelTraces
        visualID="5338"
        queryText="true"/>
    <nodeLabelTraces
        visualID="5339"
        queryText="true"/>
    <nodeLabelTraces
        visualID="5340"
        queryText="true"/>
    <nodeLabelTraces
        visualID="5341"
        queryText="true"/>
    <nodeLabelTraces
        visualID="5342"
        queryText="true"/>
    <compartmentTraces
        visualID="7064"
        queryText="true"/>
    <compartmentTraces
        visualID="7065"
        queryText="true"/>
    <compartmentTraces
        visualID="7066"
        queryText="true"/>
  </childNodeTraces>
  <childNodeTraces
      visualID="3127"
      queryText="(let _eClass_:ecore::EClass = modelFacet.metaClass.ecoreClass in _eClass_.ePackage.nsURI = 'http://melanee.org/PLM' and _eClass_.name = 'Connection') and (let _containmentMF_:ecore::EStructuralFeature = modelFacet.containmentMetaFeature.ecoreFeature in (let _eClass_:ecore::EClass = _containmentMF_.eContainingClass in _eClass_.ePackage.nsURI = 'http://melanee.org/PLM' and _eClass_.name = 'Package') and _containmentMF_.name = 'content')">
    <nodeLabelTraces
        visualID="5343"
        queryText="true"/>
    <nodeLabelTraces
        visualID="5344"
        queryText="true"/>
    <nodeLabelTraces
        visualID="5345"
        queryText="true"/>
    <nodeLabelTraces
        visualID="5346"
        queryText="true"/>
    <nodeLabelTraces
        visualID="5347"
        queryText="true"/>
    <nodeLabelTraces
        visualID="5348"
        queryText="true"/>
    <compartmentTraces
        visualID="7067"
        queryText="true"/>
    <compartmentTraces
        visualID="7068"
        queryText="true"/>
    <compartmentTraces
        visualID="7069"
        queryText="true"/>
  </childNodeTraces>
  <childNodeTraces
      visualID="3128"
      queryText="(let _eClass_:ecore::EClass = modelFacet.metaClass.ecoreClass in _eClass_.ePackage.nsURI = 'http://melanee.org/PLM' and _eClass_.name = 'Inheritance') and (let _containmentMF_:ecore::EStructuralFeature = modelFacet.containmentMetaFeature.ecoreFeature in (let _eClass_:ecore::EClass = _containmentMF_.eContainingClass in _eClass_.ePackage.nsURI = 'http://melanee.org/PLM' and _eClass_.name = 'Package') and _containmentMF_.name = 'content')">
    <nodeLabelTraces
        visualID="5349"
        queryText="true"/>
    <nodeLabelTraces
        visualID="5350"
        queryText="true"/>
    <nodeLabelTraces
        visualID="5351"
        queryText="true"/>
  </childNodeTraces>
  <childNodeTraces
      visualID="3129"
      queryText="(let _eClass_:ecore::EClass = modelFacet.metaClass.ecoreClass in _eClass_.ePackage.nsURI = 'http://melanee.org/PLM' and _eClass_.name = 'Package') and (let _containmentMF_:ecore::EStructuralFeature = modelFacet.containmentMetaFeature.ecoreFeature in (let _eClass_:ecore::EClass = _containmentMF_.eContainingClass in _eClass_.ePackage.nsURI = 'http://melanee.org/PLM' and _eClass_.name = 'Package') and _containmentMF_.name = 'content')">
    <nodeLabelTraces
        visualID="5352"
        queryText="true"/>
    <compartmentTraces
        visualID="7070"
        queryText="true"/>
  </childNodeTraces>
  <linkTraces
      visualID="4026"
      queryText="modelFacet.oclIsKindOf(gmfgen::TypeLinkModelFacet) and (let _eClass_:ecore::EClass = modelFacet.oclAsType(gmfgen::TypeLinkModelFacet).metaClass.ecoreClass in _eClass_.ePackage.nsURI = 'http://melanee.org/PLM' and _eClass_.name = 'Classification')">
    <linkLabelTraces
        visualID="6016"
        queryText="true"/>
    <linkLabelTraces
        visualID="6017"
        queryText="true"/>
  </linkTraces>
  <linkTraces
      visualID="4034"
      queryText="modelFacet.oclIsKindOf(gmfgen::TypeLinkModelFacet) and (let _eClass_:ecore::EClass = modelFacet.oclAsType(gmfgen::TypeLinkModelFacet).metaClass.ecoreClass in _eClass_.ePackage.nsURI = 'http://melanee.org/PLM' and _eClass_.name = 'Supertype')"/>
  <linkTraces
      visualID="4035"
      queryText="modelFacet.oclIsKindOf(gmfgen::TypeLinkModelFacet) and (let _eClass_:ecore::EClass = modelFacet.oclAsType(gmfgen::TypeLinkModelFacet).metaClass.ecoreClass in _eClass_.ePackage.nsURI = 'http://melanee.org/PLM' and _eClass_.name = 'Subtype')"/>
  <linkTraces
      visualID="4036"
      queryText="modelFacet.oclIsKindOf(gmfgen::TypeLinkModelFacet) and (let _eClass_:ecore::EClass = modelFacet.oclAsType(gmfgen::TypeLinkModelFacet).metaClass.ecoreClass in _eClass_.ePackage.nsURI = 'http://melanee.org/PLM' and _eClass_.name = 'ConnectionEnd')">
    <linkLabelTraces
        visualID="6024"
        queryText="true"/>
    <linkLabelTraces
        visualID="6025"
        queryText="true"/>
  </linkTraces>
</trace:TraceModel>
